Arguments: 
  /usr/local/bin/node /usr/bin/yarn install

PATH: 
  /usr/local/sbin:/usr/local/bin:/usr/sbin:/usr/bin:/sbin:/bin:/usr/games:/usr/local/games:/snap/bin

Yarn version: 
  1.22.18

Node version: 
  16.15.0

Platform: 
  linux x64

Trace: 
  Error: https://registry.yarnpkg.com/mongodb/-/mongodb-3.7.3.tgz: socket hang up
      at connResetException (node:internal/errors:692:14)
      at TLSSocket.socketOnEnd (node:_http_client:478:23)
      at TLSSocket.emit (node:events:539:35)
      at endReadableNT (node:internal/streams/readable:1345:12)
      at processTicksAndRejections (node:internal/process/task_queues:83:21)

npm manifest: 
  {
    "name": "full_stack",
    "version": "1.0.0",
    "description": "",
    "main": "index.js",
    "scripts": {
      "start": "node server.js"
    },
    "author": "",
    "license": "ISC",
    "dependencies": {
      "bcrypt": "^5.0.1",
      "body-parser": "^1.19.0",
      "chart.js": "^3.0.1",
      "easyinvoice": "^1.0.111",
      "ejs": "^3.1.6",
      "express": "^4.17.1",
      "express-flash": "^0.0.2",
      "express-session": "^1.17.1",
      "fs": "^0.0.1-security",
      "method-override": "^3.0.0",
      "mongodb": "^3.6.5",
      "mysql": "^2.18.1",
      "natives": "^1.1.6",
      "passport": "^0.4.1",
      "passport-local": "^1.0.0",
      "pdfkit": "^0.11.0"
    },
    "devDependencies": {
      "dotenv": "^8.2.0",
      "nodemon": "^2.0.7"
    }
  }

yarn manifest: 
  No manifest

Lockfile: 
  No lockfile
